{"/Users/bkerwood/projects/aiburn-cost-calculator/aiburn-website/src/hooks/usePrices.js": {"path":"/Users/bkerwood/projects/aiburn-cost-calculator/aiburn-website/src/hooks/usePrices.js","statementMap":{"0":{"start":{"line":8,"column":30},"end":{"line":8,"column":44}},"1":{"start":{"line":9,"column":32},"end":{"line":9,"column":46}},"2":{"start":{"line":10,"column":28},"end":{"line":10,"column":42}},"3":{"start":{"line":11,"column":40},"end":{"line":11,"column":54}},"4":{"start":{"line":12,"column":32},"end":{"line":12,"column":47}},"5":{"start":{"line":15,"column":23},"end":{"line":20,"column":8}},"6":{"start":{"line":16,"column":27},"end":{"line":16,"column":56}},"7":{"start":{"line":17,"column":16},"end":{"line":17,"column":26}},"8":{"start":{"line":18,"column":24},"end":{"line":18,"column":47}},"9":{"start":{"line":19,"column":4},"end":{"line":19,"column":46}},"10":{"start":{"line":23,"column":21},"end":{"line":53,"column":20}},"11":{"start":{"line":24,"column":4},"end":{"line":24,"column":21}},"12":{"start":{"line":25,"column":4},"end":{"line":25,"column":19}},"13":{"start":{"line":27,"column":4},"end":{"line":52,"column":5}},"14":{"start":{"line":28,"column":23},"end":{"line":28,"column":55}},"15":{"start":{"line":30,"column":6},"end":{"line":32,"column":7}},"16":{"start":{"line":31,"column":8},"end":{"line":31,"column":73}},"17":{"start":{"line":34,"column":19},"end":{"line":34,"column":40}},"18":{"start":{"line":37,"column":6},"end":{"line":39,"column":7}},"19":{"start":{"line":38,"column":8},"end":{"line":38,"column":56}},"20":{"start":{"line":41,"column":6},"end":{"line":41,"column":22}},"21":{"start":{"line":42,"column":6},"end":{"line":42,"column":47}},"22":{"start":{"line":43,"column":6},"end":{"line":43,"column":47}},"23":{"start":{"line":45,"column":6},"end":{"line":45,"column":18}},"24":{"start":{"line":47,"column":6},"end":{"line":47,"column":28}},"25":{"start":{"line":48,"column":6},"end":{"line":48,"column":50}},"26":{"start":{"line":49,"column":6},"end":{"line":49,"column":18}},"27":{"start":{"line":51,"column":6},"end":{"line":51,"column":24}},"28":{"start":{"line":56,"column":26},"end":{"line":63,"column":8}},"29":{"start":{"line":57,"column":4},"end":{"line":57,"column":27}},"30":{"start":{"line":57,"column":15},"end":{"line":57,"column":27}},"31":{"start":{"line":58,"column":4},"end":{"line":62,"column":7}},"32":{"start":{"line":66,"column":22},"end":{"line":72,"column":19}},"33":{"start":{"line":67,"column":4},"end":{"line":67,"column":34}},"34":{"start":{"line":67,"column":22},"end":{"line":67,"column":34}},"35":{"start":{"line":68,"column":16},"end":{"line":68,"column":26}},"36":{"start":{"line":69,"column":18},"end":{"line":69,"column":45}},"37":{"start":{"line":70,"column":20},"end":{"line":70,"column":61}},"38":{"start":{"line":71,"column":4},"end":{"line":71,"column":19}},"39":{"start":{"line":75,"column":30},"end":{"line":88,"column":14}},"40":{"start":{"line":76,"column":4},"end":{"line":76,"column":47}},"41":{"start":{"line":76,"column":35},"end":{"line":76,"column":47}},"42":{"start":{"line":78,"column":19},"end":{"line":78,"column":21}},"43":{"start":{"line":79,"column":4},"end":{"line":86,"column":7}},"44":{"start":{"line":80,"column":6},"end":{"line":85,"column":8}},"45":{"start":{"line":87,"column":4},"end":{"line":87,"column":18}},"46":{"start":{"line":91,"column":30},"end":{"line":104,"column":3}},"47":{"start":{"line":92,"column":24},"end":{"line":102,"column":5}},"48":{"start":{"line":103,"column":4},"end":{"line":103,"column":48}},"49":{"start":{"line":107,"column":2},"end":{"line":109,"column":19}},"50":{"start":{"line":108,"column":4},"end":{"line":108,"column":17}},"51":{"start":{"line":111,"column":2},"end":{"line":121,"column":4}}},"fnMap":{"0":{"name":"usePrices","decl":{"start":{"line":7,"column":16},"end":{"line":7,"column":25}},"loc":{"start":{"line":7,"column":28},"end":{"line":122,"column":1}},"line":7},"1":{"name":"(anonymous_1)","decl":{"start":{"line":15,"column":35},"end":{"line":15,"column":36}},"loc":{"start":{"line":15,"column":50},"end":{"line":20,"column":3}},"line":15},"2":{"name":"(anonymous_2)","decl":{"start":{"line":23,"column":33},"end":{"line":23,"column":34}},"loc":{"start":{"line":23,"column":45},"end":{"line":53,"column":3}},"line":23},"3":{"name":"(anonymous_3)","decl":{"start":{"line":56,"column":38},"end":{"line":56,"column":39}},"loc":{"start":{"line":56,"column":48},"end":{"line":63,"column":3}},"line":56},"4":{"name":"(anonymous_4)","decl":{"start":{"line":66,"column":34},"end":{"line":66,"column":35}},"loc":{"start":{"line":66,"column":40},"end":{"line":72,"column":3}},"line":66},"5":{"name":"(anonymous_5)","decl":{"start":{"line":75,"column":42},"end":{"line":75,"column":43}},"loc":{"start":{"line":75,"column":48},"end":{"line":88,"column":3}},"line":75},"6":{"name":"(anonymous_6)","decl":{"start":{"line":79,"column":42},"end":{"line":79,"column":43}},"loc":{"start":{"line":79,"column":70},"end":{"line":86,"column":5}},"line":79},"7":{"name":"(anonymous_7)","decl":{"start":{"line":91,"column":30},"end":{"line":91,"column":31}},"loc":{"start":{"line":91,"column":45},"end":{"line":104,"column":3}},"line":91},"8":{"name":"(anonymous_8)","decl":{"start":{"line":107,"column":12},"end":{"line":107,"column":13}},"loc":{"start":{"line":107,"column":18},"end":{"line":109,"column":3}},"line":107}},"branchMap":{"0":{"loc":{"start":{"line":30,"column":6},"end":{"line":32,"column":7}},"type":"if","locations":[{"start":{"line":30,"column":6},"end":{"line":32,"column":7}},{"start":{},"end":{}}],"line":30},"1":{"loc":{"start":{"line":37,"column":6},"end":{"line":39,"column":7}},"type":"if","locations":[{"start":{"line":37,"column":6},"end":{"line":39,"column":7}},{"start":{},"end":{}}],"line":37},"2":{"loc":{"start":{"line":37,"column":10},"end":{"line":37,"column":63}},"type":"binary-expr","locations":[{"start":{"line":37,"column":10},"end":{"line":37,"column":22}},{"start":{"line":37,"column":26},"end":{"line":37,"column":63}}],"line":37},"3":{"loc":{"start":{"line":57,"column":4},"end":{"line":57,"column":27}},"type":"if","locations":[{"start":{"line":57,"column":4},"end":{"line":57,"column":27}},{"start":{},"end":{}}],"line":57},"4":{"loc":{"start":{"line":67,"column":4},"end":{"line":67,"column":34}},"type":"if","locations":[{"start":{"line":67,"column":4},"end":{"line":67,"column":34}},{"start":{},"end":{}}],"line":67},"5":{"loc":{"start":{"line":76,"column":4},"end":{"line":76,"column":47}},"type":"if","locations":[{"start":{"line":76,"column":4},"end":{"line":76,"column":47}},{"start":{},"end":{}}],"line":76},"6":{"loc":{"start":{"line":76,"column":8},"end":{"line":76,"column":33}},"type":"binary-expr","locations":[{"start":{"line":76,"column":8},"end":{"line":76,"column":15}},{"start":{"line":76,"column":19},"end":{"line":76,"column":33}}],"line":76},"7":{"loc":{"start":{"line":103,"column":11},"end":{"line":103,"column":47}},"type":"binary-expr","locations":[{"start":{"line":103,"column":11},"end":{"line":103,"column":33}},{"start":{"line":103,"column":37},"end":{"line":103,"column":47}}],"line":103}},"s":{"0":0,"1":0,"2":0,"3":0,"4":0,"5":0,"6":0,"7":0,"8":0,"9":0,"10":0,"11":0,"12":0,"13":0,"14":0,"15":0,"16":0,"17":0,"18":0,"19":0,"20":0,"21":0,"22":0,"23":0,"24":0,"25":0,"26":0,"27":0,"28":0,"29":0,"30":0,"31":0,"32":0,"33":0,"34":0,"35":0,"36":0,"37":0,"38":0,"39":0,"40":0,"41":0,"42":0,"43":0,"44":0,"45":0,"46":0,"47":0,"48":0,"49":0,"50":0,"51":0},"f":{"0":0,"1":0,"2":0,"3":0,"4":0,"5":0,"6":0,"7":0,"8":0},"b":{"0":[0,0],"1":[0,0],"2":[0,0],"3":[0,0],"4":[0,0],"5":[0,0],"6":[0,0],"7":[0,0]},"inputSourceMap":null}
,"/Users/bkerwood/projects/aiburn-cost-calculator/aiburn-website/src/utils/analytics.js": {"path":"/Users/bkerwood/projects/aiburn-cost-calculator/aiburn-website/src/utils/analytics.js","statementMap":{"0":{"start":{"line":10,"column":17},"end":{"line":10,"column":49}},"1":{"start":{"line":11,"column":2},"end":{"line":11,"column":22}},"2":{"start":{"line":12,"column":2},"end":{"line":12,"column":74}},"3":{"start":{"line":13,"column":2},"end":{"line":13,"column":36}},"4":{"start":{"line":16,"column":2},"end":{"line":16,"column":44}},"5":{"start":{"line":18,"column":4},"end":{"line":18,"column":30}},"6":{"start":{"line":20,"column":2},"end":{"line":20,"column":21}},"7":{"start":{"line":21,"column":2},"end":{"line":21,"column":25}},"8":{"start":{"line":22,"column":2},"end":{"line":25,"column":5}}},"fnMap":{"0":{"name":"initializeGA","decl":{"start":{"line":8,"column":16},"end":{"line":8,"column":28}},"loc":{"start":{"line":8,"column":31},"end":{"line":26,"column":1}},"line":8},"1":{"name":"gtag","decl":{"start":{"line":17,"column":11},"end":{"line":17,"column":15}},"loc":{"start":{"line":17,"column":18},"end":{"line":19,"column":3}},"line":17}},"branchMap":{"0":{"loc":{"start":{"line":16,"column":21},"end":{"line":16,"column":43}},"type":"binary-expr","locations":[{"start":{"line":16,"column":21},"end":{"line":16,"column":37}},{"start":{"line":16,"column":41},"end":{"line":16,"column":43}}],"line":16}},"s":{"0":0,"1":0,"2":0,"3":0,"4":0,"5":0,"6":0,"7":0,"8":0},"f":{"0":0,"1":0},"b":{"0":[0,0]},"inputSourceMap":null}
,"/Users/bkerwood/projects/aiburn-cost-calculator/aiburn-website/src/utils/sanitizer.js": {"path":"/Users/bkerwood/projects/aiburn-cost-calculator/aiburn-website/src/utils/sanitizer.js","statementMap":{"0":{"start":{"line":10,"column":34},"end":{"line":20,"column":1}},"1":{"start":{"line":11,"column":14},"end":{"line":11,"column":31}},"2":{"start":{"line":14,"column":2},"end":{"line":16,"column":3}},"3":{"start":{"line":15,"column":4},"end":{"line":15,"column":13}},"4":{"start":{"line":19,"column":2},"end":{"line":19,"column":43}},"5":{"start":{"line":27,"column":30},"end":{"line":36,"column":1}},"6":{"start":{"line":28,"column":2},"end":{"line":30,"column":3}},"7":{"start":{"line":29,"column":4},"end":{"line":29,"column":14}},"8":{"start":{"line":32,"column":2},"end":{"line":35,"column":19}},"9":{"start":{"line":43,"column":32},"end":{"line":51,"column":1}},"10":{"start":{"line":44,"column":2},"end":{"line":50,"column":4}},"11":{"start":{"line":58,"column":29},"end":{"line":67,"column":1}},"12":{"start":{"line":59,"column":18},"end":{"line":59,"column":52}},"13":{"start":{"line":60,"column":21},"end":{"line":60,"column":49}},"14":{"start":{"line":62,"column":2},"end":{"line":64,"column":3}},"15":{"start":{"line":63,"column":4},"end":{"line":63,"column":19}},"16":{"start":{"line":66,"column":2},"end":{"line":66,"column":12}},"17":{"start":{"line":74,"column":29},"end":{"line":78,"column":1}},"18":{"start":{"line":75,"column":2},"end":{"line":77,"column":18}},"19":{"start":{"line":85,"column":28},"end":{"line":91,"column":1}},"20":{"start":{"line":86,"column":2},"end":{"line":88,"column":3}},"21":{"start":{"line":87,"column":4},"end":{"line":87,"column":17}},"22":{"start":{"line":89,"column":23},"end":{"line":89,"column":50}},"23":{"start":{"line":90,"column":2},"end":{"line":90,"column":76}}},"fnMap":{"0":{"name":"(anonymous_0)","decl":{"start":{"line":10,"column":34},"end":{"line":10,"column":35}},"loc":{"start":{"line":10,"column":45},"end":{"line":20,"column":1}},"line":10},"1":{"name":"(anonymous_1)","decl":{"start":{"line":27,"column":30},"end":{"line":27,"column":31}},"loc":{"start":{"line":27,"column":41},"end":{"line":36,"column":1}},"line":27},"2":{"name":"(anonymous_2)","decl":{"start":{"line":43,"column":32},"end":{"line":43,"column":33}},"loc":{"start":{"line":43,"column":46},"end":{"line":51,"column":1}},"line":43},"3":{"name":"(anonymous_3)","decl":{"start":{"line":58,"column":29},"end":{"line":58,"column":30}},"loc":{"start":{"line":58,"column":40},"end":{"line":67,"column":1}},"line":58},"4":{"name":"(anonymous_4)","decl":{"start":{"line":74,"column":29},"end":{"line":74,"column":30}},"loc":{"start":{"line":74,"column":40},"end":{"line":78,"column":1}},"line":74},"5":{"name":"(anonymous_5)","decl":{"start":{"line":85,"column":28},"end":{"line":85,"column":29}},"loc":{"start":{"line":85,"column":37},"end":{"line":91,"column":1}},"line":85}},"branchMap":{"0":{"loc":{"start":{"line":14,"column":2},"end":{"line":16,"column":3}},"type":"if","locations":[{"start":{"line":14,"column":2},"end":{"line":16,"column":3}},{"start":{},"end":{}}],"line":14},"1":{"loc":{"start":{"line":28,"column":2},"end":{"line":30,"column":3}},"type":"if","locations":[{"start":{"line":28,"column":2},"end":{"line":30,"column":3}},{"start":{},"end":{}}],"line":28},"2":{"loc":{"start":{"line":45,"column":25},"end":{"line":45,"column":44}},"type":"binary-expr","locations":[{"start":{"line":45,"column":25},"end":{"line":45,"column":38}},{"start":{"line":45,"column":42},"end":{"line":45,"column":44}}],"line":45},"3":{"loc":{"start":{"line":46,"column":25},"end":{"line":46,"column":45}},"type":"binary-expr","locations":[{"start":{"line":46,"column":25},"end":{"line":46,"column":39}},{"start":{"line":46,"column":43},"end":{"line":46,"column":45}}],"line":46},"4":{"loc":{"start":{"line":47,"column":25},"end":{"line":47,"column":45}},"type":"binary-expr","locations":[{"start":{"line":47,"column":25},"end":{"line":47,"column":39}},{"start":{"line":47,"column":43},"end":{"line":47,"column":45}}],"line":47},"5":{"loc":{"start":{"line":48,"column":28},"end":{"line":48,"column":50}},"type":"binary-expr","locations":[{"start":{"line":48,"column":28},"end":{"line":48,"column":44}},{"start":{"line":48,"column":48},"end":{"line":48,"column":50}}],"line":48},"6":{"loc":{"start":{"line":49,"column":29},"end":{"line":49,"column":52}},"type":"binary-expr","locations":[{"start":{"line":49,"column":29},"end":{"line":49,"column":46}},{"start":{"line":49,"column":50},"end":{"line":49,"column":52}}],"line":49},"7":{"loc":{"start":{"line":62,"column":2},"end":{"line":64,"column":3}},"type":"if","locations":[{"start":{"line":62,"column":2},"end":{"line":64,"column":3}},{"start":{},"end":{}}],"line":62},"8":{"loc":{"start":{"line":86,"column":2},"end":{"line":88,"column":3}},"type":"if","locations":[{"start":{"line":86,"column":2},"end":{"line":88,"column":3}},{"start":{},"end":{}}],"line":86},"9":{"loc":{"start":{"line":86,"column":6},"end":{"line":86,"column":28}},"type":"binary-expr","locations":[{"start":{"line":86,"column":6},"end":{"line":86,"column":10}},{"start":{"line":86,"column":14},"end":{"line":86,"column":28}}],"line":86}},"s":{"0":0,"1":0,"2":0,"3":0,"4":0,"5":0,"6":0,"7":0,"8":0,"9":0,"10":0,"11":0,"12":0,"13":0,"14":0,"15":0,"16":0,"17":0,"18":0,"19":0,"20":0,"21":0,"22":0,"23":0},"f":{"0":0,"1":0,"2":0,"3":0,"4":0,"5":0},"b":{"0":[0,0],"1":[0,0],"2":[0,0],"3":[0,0],"4":[0,0],"5":[0,0],"6":[0,0],"7":[0,0],"8":[0,0],"9":[0,0]},"inputSourceMap":null}
,"/Users/bkerwood/projects/aiburn-cost-calculator/aiburn-website/src/utils/sentry.js": {"path":"/Users/bkerwood/projects/aiburn-cost-calculator/aiburn-website/src/utils/sentry.js","statementMap":{"0":{"start":{"line":16,"column":2},"end":{"line":19,"column":3}},"1":{"start":{"line":17,"column":4},"end":{"line":17,"column":76}},"2":{"start":{"line":18,"column":4},"end":{"line":18,"column":11}},"3":{"start":{"line":21,"column":2},"end":{"line":97,"column":5}},"4":{"start":{"line":46,"column":26},"end":{"line":46,"column":47}},"5":{"start":{"line":47,"column":6},"end":{"line":49,"column":7}},"6":{"start":{"line":48,"column":8},"end":{"line":48,"column":20}},"7":{"start":{"line":52,"column":6},"end":{"line":52,"column":33}},"8":{"start":{"line":54,"column":6},"end":{"line":54,"column":19}},"9":{"start":{"line":100,"column":2},"end":{"line":106,"column":4}},"10":{"start":{"line":101,"column":4},"end":{"line":105,"column":7}},"11":{"start":{"line":109,"column":2},"end":{"line":115,"column":3}},"12":{"start":{"line":110,"column":4},"end":{"line":114,"column":7}},"13":{"start":{"line":117,"column":2},"end":{"line":117,"column":57}},"14":{"start":{"line":124,"column":28},"end":{"line":141,"column":3}},"15":{"start":{"line":143,"column":22},"end":{"line":143,"column":43}},"16":{"start":{"line":144,"column":17},"end":{"line":144,"column":28}},"17":{"start":{"line":146,"column":2},"end":{"line":148,"column":3}},"18":{"start":{"line":147,"column":4},"end":{"line":147,"column":54}},"19":{"start":{"line":151,"column":2},"end":{"line":158,"column":3}},"20":{"start":{"line":152,"column":4},"end":{"line":157,"column":5}},"21":{"start":{"line":153,"column":21},"end":{"line":153,"column":41}},"22":{"start":{"line":154,"column":6},"end":{"line":154,"column":35}},"23":{"start":{"line":156,"column":6},"end":{"line":156,"column":70}},"24":{"start":{"line":165,"column":2},"end":{"line":169,"column":3}},"25":{"start":{"line":166,"column":4},"end":{"line":166,"column":45}},"26":{"start":{"line":168,"column":4},"end":{"line":168,"column":64}},"27":{"start":{"line":176,"column":2},"end":{"line":184,"column":3}},"28":{"start":{"line":177,"column":4},"end":{"line":181,"column":7}},"29":{"start":{"line":183,"column":4},"end":{"line":183,"column":25}},"30":{"start":{"line":191,"column":2},"end":{"line":196,"column":5}},"31":{"start":{"line":206,"column":2},"end":{"line":211,"column":3}},"32":{"start":{"line":207,"column":4},"end":{"line":210,"column":7}},"33":{"start":{"line":213,"column":2},"end":{"line":218,"column":3}},"34":{"start":{"line":214,"column":4},"end":{"line":217,"column":7}},"35":{"start":{"line":219,"column":2},"end":{"line":219,"column":55}},"36":{"start":{"line":220,"column":2},"end":{"line":220,"column":14}},"37":{"start":{"line":227,"column":2},"end":{"line":227,"column":40}}},"fnMap":{"0":{"name":"initSentry","decl":{"start":{"line":14,"column":16},"end":{"line":14,"column":26}},"loc":{"start":{"line":14,"column":29},"end":{"line":118,"column":1}},"line":14},"1":{"name":"(anonymous_1)","decl":{"start":{"line":44,"column":4},"end":{"line":44,"column":5}},"loc":{"start":{"line":44,"column":28},"end":{"line":55,"column":5}},"line":44},"2":{"name":"(anonymous_2)","decl":{"start":{"line":100,"column":29},"end":{"line":100,"column":30}},"loc":{"start":{"line":100,"column":59},"end":{"line":106,"column":3}},"line":100},"3":{"name":"redactSensitiveData","decl":{"start":{"line":123,"column":9},"end":{"line":123,"column":28}},"loc":{"start":{"line":123,"column":36},"end":{"line":159,"column":1}},"line":123},"4":{"name":"reportError","decl":{"start":{"line":164,"column":16},"end":{"line":164,"column":27}},"loc":{"start":{"line":164,"column":49},"end":{"line":170,"column":1}},"line":164},"5":{"name":"setSentryUser","decl":{"start":{"line":175,"column":16},"end":{"line":175,"column":29}},"loc":{"start":{"line":175,"column":36},"end":{"line":185,"column":1}},"line":175},"6":{"name":"addBreadcrumb","decl":{"start":{"line":190,"column":16},"end":{"line":190,"column":29}},"loc":{"start":{"line":190,"column":81},"end":{"line":197,"column":1}},"line":190},"7":{"name":"startTransaction","decl":{"start":{"line":204,"column":16},"end":{"line":204,"column":32}},"loc":{"start":{"line":204,"column":60},"end":{"line":221,"column":1}},"line":204},"8":{"name":"captureMessage","decl":{"start":{"line":226,"column":16},"end":{"line":226,"column":30}},"loc":{"start":{"line":226,"column":56},"end":{"line":228,"column":1}},"line":226}},"branchMap":{"0":{"loc":{"start":{"line":16,"column":2},"end":{"line":19,"column":3}},"type":"if","locations":[{"start":{"line":16,"column":2},"end":{"line":19,"column":3}},{"start":{},"end":{}}],"line":16},"1":{"loc":{"start":{"line":16,"column":6},"end":{"line":16,"column":75}},"type":"binary-expr","locations":[{"start":{"line":16,"column":6},"end":{"line":16,"column":43}},{"start":{"line":16,"column":47},"end":{"line":16,"column":75}}],"line":16},"2":{"loc":{"start":{"line":38,"column":13},"end":{"line":38,"column":54}},"type":"binary-expr","locations":[{"start":{"line":38,"column":13},"end":{"line":38,"column":41}},{"start":{"line":38,"column":45},"end":{"line":38,"column":54}}],"line":38},"3":{"loc":{"start":{"line":47,"column":6},"end":{"line":49,"column":7}},"type":"if","locations":[{"start":{"line":47,"column":6},"end":{"line":49,"column":7}},{"start":{},"end":{}}],"line":47},"4":{"loc":{"start":{"line":47,"column":10},"end":{"line":47,"column":84}},"type":"binary-expr","locations":[{"start":{"line":47,"column":10},"end":{"line":47,"column":48}},{"start":{"line":47,"column":52},"end":{"line":47,"column":84}}],"line":47},"5":{"loc":{"start":{"line":100,"column":45},"end":{"line":100,"column":57}},"type":"default-arg","locations":[{"start":{"line":100,"column":55},"end":{"line":100,"column":57}}],"line":100},"6":{"loc":{"start":{"line":109,"column":2},"end":{"line":115,"column":3}},"type":"if","locations":[{"start":{"line":109,"column":2},"end":{"line":115,"column":3}},{"start":{},"end":{}}],"line":109},"7":{"loc":{"start":{"line":151,"column":2},"end":{"line":158,"column":3}},"type":"if","locations":[{"start":{"line":151,"column":2},"end":{"line":158,"column":3}},{"start":{},"end":{}}],"line":151},"8":{"loc":{"start":{"line":164,"column":35},"end":{"line":164,"column":47}},"type":"default-arg","locations":[{"start":{"line":164,"column":45},"end":{"line":164,"column":47}}],"line":164},"9":{"loc":{"start":{"line":165,"column":2},"end":{"line":169,"column":3}},"type":"if","locations":[{"start":{"line":165,"column":2},"end":{"line":169,"column":3}},{"start":{"line":167,"column":9},"end":{"line":169,"column":3}}],"line":165},"10":{"loc":{"start":{"line":176,"column":2},"end":{"line":184,"column":3}},"type":"if","locations":[{"start":{"line":176,"column":2},"end":{"line":184,"column":3}},{"start":{"line":182,"column":9},"end":{"line":184,"column":3}}],"line":176},"11":{"loc":{"start":{"line":178,"column":10},"end":{"line":178,"column":30}},"type":"binary-expr","locations":[{"start":{"line":178,"column":10},"end":{"line":178,"column":17}},{"start":{"line":178,"column":21},"end":{"line":178,"column":30}}],"line":178},"12":{"loc":{"start":{"line":190,"column":39},"end":{"line":190,"column":63}},"type":"default-arg","locations":[{"start":{"line":190,"column":50},"end":{"line":190,"column":63}}],"line":190},"13":{"loc":{"start":{"line":190,"column":65},"end":{"line":190,"column":79}},"type":"default-arg","locations":[{"start":{"line":190,"column":73},"end":{"line":190,"column":79}}],"line":190},"14":{"loc":{"start":{"line":204,"column":39},"end":{"line":204,"column":58}},"type":"default-arg","locations":[{"start":{"line":204,"column":44},"end":{"line":204,"column":58}}],"line":204},"15":{"loc":{"start":{"line":206,"column":2},"end":{"line":211,"column":3}},"type":"if","locations":[{"start":{"line":206,"column":2},"end":{"line":211,"column":3}},{"start":{},"end":{}}],"line":206},"16":{"loc":{"start":{"line":213,"column":2},"end":{"line":218,"column":3}},"type":"if","locations":[{"start":{"line":213,"column":2},"end":{"line":218,"column":3}},{"start":{},"end":{}}],"line":213},"17":{"loc":{"start":{"line":226,"column":40},"end":{"line":226,"column":54}},"type":"default-arg","locations":[{"start":{"line":226,"column":48},"end":{"line":226,"column":54}}],"line":226}},"s":{"0":0,"1":0,"2":0,"3":0,"4":0,"5":0,"6":0,"7":0,"8":0,"9":0,"10":0,"11":0,"12":0,"13":0,"14":0,"15":0,"16":0,"17":0,"18":0,"19":0,"20":0,"21":0,"22":0,"23":0,"24":0,"25":0,"26":0,"27":0,"28":0,"29":0,"30":0,"31":0,"32":0,"33":0,"34":0,"35":0,"36":0,"37":0},"f":{"0":0,"1":0,"2":0,"3":0,"4":0,"5":0,"6":0,"7":0,"8":0},"b":{"0":[0,0],"1":[0,0],"2":[0,0],"3":[0,0],"4":[0,0],"5":[0],"6":[0,0],"7":[0,0],"8":[0],"9":[0,0],"10":[0,0],"11":[0,0],"12":[0],"13":[0],"14":[0],"15":[0,0],"16":[0,0],"17":[0]},"inputSourceMap":null}
}
