{"/Users/bkerwood/projects/aiburn-cost-calculator/aiburn-website/src/hooks/usePrices.js": {"path":"/Users/bkerwood/projects/aiburn-cost-calculator/aiburn-website/src/hooks/usePrices.js","statementMap":{"0":{"start":{"line":8,"column":30},"end":{"line":8,"column":44}},"1":{"start":{"line":9,"column":32},"end":{"line":9,"column":46}},"2":{"start":{"line":10,"column":28},"end":{"line":10,"column":42}},"3":{"start":{"line":11,"column":40},"end":{"line":11,"column":54}},"4":{"start":{"line":12,"column":32},"end":{"line":12,"column":47}},"5":{"start":{"line":15,"column":23},"end":{"line":20,"column":8}},"6":{"start":{"line":16,"column":27},"end":{"line":16,"column":56}},"7":{"start":{"line":17,"column":16},"end":{"line":17,"column":26}},"8":{"start":{"line":18,"column":24},"end":{"line":18,"column":47}},"9":{"start":{"line":19,"column":4},"end":{"line":19,"column":46}},"10":{"start":{"line":23,"column":21},"end":{"line":53,"column":20}},"11":{"start":{"line":24,"column":4},"end":{"line":24,"column":21}},"12":{"start":{"line":25,"column":4},"end":{"line":25,"column":19}},"13":{"start":{"line":27,"column":4},"end":{"line":52,"column":5}},"14":{"start":{"line":28,"column":23},"end":{"line":28,"column":55}},"15":{"start":{"line":30,"column":6},"end":{"line":32,"column":7}},"16":{"start":{"line":31,"column":8},"end":{"line":31,"column":73}},"17":{"start":{"line":34,"column":19},"end":{"line":34,"column":40}},"18":{"start":{"line":37,"column":6},"end":{"line":39,"column":7}},"19":{"start":{"line":38,"column":8},"end":{"line":38,"column":56}},"20":{"start":{"line":41,"column":6},"end":{"line":41,"column":22}},"21":{"start":{"line":42,"column":6},"end":{"line":42,"column":47}},"22":{"start":{"line":43,"column":6},"end":{"line":43,"column":47}},"23":{"start":{"line":45,"column":6},"end":{"line":45,"column":18}},"24":{"start":{"line":47,"column":6},"end":{"line":47,"column":28}},"25":{"start":{"line":48,"column":6},"end":{"line":48,"column":50}},"26":{"start":{"line":49,"column":6},"end":{"line":49,"column":18}},"27":{"start":{"line":51,"column":6},"end":{"line":51,"column":24}},"28":{"start":{"line":56,"column":26},"end":{"line":63,"column":8}},"29":{"start":{"line":57,"column":4},"end":{"line":57,"column":27}},"30":{"start":{"line":57,"column":15},"end":{"line":57,"column":27}},"31":{"start":{"line":58,"column":4},"end":{"line":62,"column":7}},"32":{"start":{"line":66,"column":22},"end":{"line":72,"column":19}},"33":{"start":{"line":67,"column":4},"end":{"line":67,"column":34}},"34":{"start":{"line":67,"column":22},"end":{"line":67,"column":34}},"35":{"start":{"line":68,"column":16},"end":{"line":68,"column":26}},"36":{"start":{"line":69,"column":18},"end":{"line":69,"column":45}},"37":{"start":{"line":70,"column":20},"end":{"line":70,"column":61}},"38":{"start":{"line":71,"column":4},"end":{"line":71,"column":19}},"39":{"start":{"line":75,"column":30},"end":{"line":88,"column":14}},"40":{"start":{"line":76,"column":4},"end":{"line":76,"column":47}},"41":{"start":{"line":76,"column":35},"end":{"line":76,"column":47}},"42":{"start":{"line":78,"column":19},"end":{"line":78,"column":21}},"43":{"start":{"line":79,"column":4},"end":{"line":86,"column":7}},"44":{"start":{"line":80,"column":6},"end":{"line":85,"column":8}},"45":{"start":{"line":87,"column":4},"end":{"line":87,"column":18}},"46":{"start":{"line":91,"column":30},"end":{"line":104,"column":3}},"47":{"start":{"line":92,"column":24},"end":{"line":102,"column":5}},"48":{"start":{"line":103,"column":4},"end":{"line":103,"column":48}},"49":{"start":{"line":107,"column":2},"end":{"line":109,"column":19}},"50":{"start":{"line":108,"column":4},"end":{"line":108,"column":17}},"51":{"start":{"line":111,"column":2},"end":{"line":121,"column":4}}},"fnMap":{"0":{"name":"usePrices","decl":{"start":{"line":7,"column":16},"end":{"line":7,"column":25}},"loc":{"start":{"line":7,"column":28},"end":{"line":122,"column":1}},"line":7},"1":{"name":"(anonymous_1)","decl":{"start":{"line":15,"column":35},"end":{"line":15,"column":36}},"loc":{"start":{"line":15,"column":50},"end":{"line":20,"column":3}},"line":15},"2":{"name":"(anonymous_2)","decl":{"start":{"line":23,"column":33},"end":{"line":23,"column":34}},"loc":{"start":{"line":23,"column":45},"end":{"line":53,"column":3}},"line":23},"3":{"name":"(anonymous_3)","decl":{"start":{"line":56,"column":38},"end":{"line":56,"column":39}},"loc":{"start":{"line":56,"column":48},"end":{"line":63,"column":3}},"line":56},"4":{"name":"(anonymous_4)","decl":{"start":{"line":66,"column":34},"end":{"line":66,"column":35}},"loc":{"start":{"line":66,"column":40},"end":{"line":72,"column":3}},"line":66},"5":{"name":"(anonymous_5)","decl":{"start":{"line":75,"column":42},"end":{"line":75,"column":43}},"loc":{"start":{"line":75,"column":48},"end":{"line":88,"column":3}},"line":75},"6":{"name":"(anonymous_6)","decl":{"start":{"line":79,"column":42},"end":{"line":79,"column":43}},"loc":{"start":{"line":79,"column":70},"end":{"line":86,"column":5}},"line":79},"7":{"name":"(anonymous_7)","decl":{"start":{"line":91,"column":30},"end":{"line":91,"column":31}},"loc":{"start":{"line":91,"column":45},"end":{"line":104,"column":3}},"line":91},"8":{"name":"(anonymous_8)","decl":{"start":{"line":107,"column":12},"end":{"line":107,"column":13}},"loc":{"start":{"line":107,"column":18},"end":{"line":109,"column":3}},"line":107}},"branchMap":{"0":{"loc":{"start":{"line":30,"column":6},"end":{"line":32,"column":7}},"type":"if","locations":[{"start":{"line":30,"column":6},"end":{"line":32,"column":7}},{"start":{},"end":{}}],"line":30},"1":{"loc":{"start":{"line":37,"column":6},"end":{"line":39,"column":7}},"type":"if","locations":[{"start":{"line":37,"column":6},"end":{"line":39,"column":7}},{"start":{},"end":{}}],"line":37},"2":{"loc":{"start":{"line":37,"column":10},"end":{"line":37,"column":63}},"type":"binary-expr","locations":[{"start":{"line":37,"column":10},"end":{"line":37,"column":22}},{"start":{"line":37,"column":26},"end":{"line":37,"column":63}}],"line":37},"3":{"loc":{"start":{"line":57,"column":4},"end":{"line":57,"column":27}},"type":"if","locations":[{"start":{"line":57,"column":4},"end":{"line":57,"column":27}},{"start":{},"end":{}}],"line":57},"4":{"loc":{"start":{"line":67,"column":4},"end":{"line":67,"column":34}},"type":"if","locations":[{"start":{"line":67,"column":4},"end":{"line":67,"column":34}},{"start":{},"end":{}}],"line":67},"5":{"loc":{"start":{"line":76,"column":4},"end":{"line":76,"column":47}},"type":"if","locations":[{"start":{"line":76,"column":4},"end":{"line":76,"column":47}},{"start":{},"end":{}}],"line":76},"6":{"loc":{"start":{"line":76,"column":8},"end":{"line":76,"column":33}},"type":"binary-expr","locations":[{"start":{"line":76,"column":8},"end":{"line":76,"column":15}},{"start":{"line":76,"column":19},"end":{"line":76,"column":33}}],"line":76},"7":{"loc":{"start":{"line":103,"column":11},"end":{"line":103,"column":47}},"type":"binary-expr","locations":[{"start":{"line":103,"column":11},"end":{"line":103,"column":33}},{"start":{"line":103,"column":37},"end":{"line":103,"column":47}}],"line":103}},"s":{"0":0,"1":0,"2":0,"3":0,"4":0,"5":0,"6":0,"7":0,"8":0,"9":0,"10":0,"11":0,"12":0,"13":0,"14":0,"15":0,"16":0,"17":0,"18":0,"19":0,"20":0,"21":0,"22":0,"23":0,"24":0,"25":0,"26":0,"27":0,"28":0,"29":0,"30":0,"31":0,"32":0,"33":0,"34":0,"35":0,"36":0,"37":0,"38":0,"39":0,"40":0,"41":0,"42":0,"43":0,"44":0,"45":0,"46":0,"47":0,"48":0,"49":0,"50":0,"51":0},"f":{"0":0,"1":0,"2":0,"3":0,"4":0,"5":0,"6":0,"7":0,"8":0},"b":{"0":[0,0],"1":[0,0],"2":[0,0],"3":[0,0],"4":[0,0],"5":[0,0],"6":[0,0],"7":[0,0]},"inputSourceMap":null}
,"/Users/bkerwood/projects/aiburn-cost-calculator/aiburn-website/src/utils/sanitizer.js": {"path":"/Users/bkerwood/projects/aiburn-cost-calculator/aiburn-website/src/utils/sanitizer.js","statementMap":{"0":{"start":{"line":11,"column":22},"end":{"line":17,"column":1}},"1":{"start":{"line":23,"column":2},"end":{"line":25,"column":3}},"2":{"start":{"line":24,"column":4},"end":{"line":24,"column":14}},"3":{"start":{"line":27,"column":2},"end":{"line":27,"column":57}},"4":{"start":{"line":34,"column":20},"end":{"line":34,"column":39}},"5":{"start":{"line":37,"column":21},"end":{"line":37,"column":49}},"6":{"start":{"line":38,"column":2},"end":{"line":40,"column":3}},"7":{"start":{"line":39,"column":4},"end":{"line":39,"column":44}},"8":{"start":{"line":42,"column":2},"end":{"line":42,"column":33}},"9":{"start":{"line":51,"column":2},"end":{"line":53,"column":3}},"10":{"start":{"line":52,"column":4},"end":{"line":52,"column":14}},"11":{"start":{"line":55,"column":20},"end":{"line":55,"column":30}},"12":{"start":{"line":58,"column":2},"end":{"line":60,"column":3}},"13":{"start":{"line":59,"column":4},"end":{"line":59,"column":46}},"14":{"start":{"line":63,"column":2},"end":{"line":65,"column":3}},"15":{"start":{"line":64,"column":4},"end":{"line":64,"column":51}},"16":{"start":{"line":67,"column":2},"end":{"line":67,"column":19}},"17":{"start":{"line":74,"column":14},"end":{"line":74,"column":27}},"18":{"start":{"line":76,"column":2},"end":{"line":78,"column":3}},"19":{"start":{"line":77,"column":4},"end":{"line":77,"column":52}},"20":{"start":{"line":80,"column":2},"end":{"line":82,"column":3}},"21":{"start":{"line":81,"column":4},"end":{"line":81,"column":64}},"22":{"start":{"line":84,"column":2},"end":{"line":84,"column":13}},"23":{"start":{"line":91,"column":2},"end":{"line":96,"column":3}},"24":{"start":{"line":92,"column":16},"end":{"line":92,"column":45}},"25":{"start":{"line":93,"column":4},"end":{"line":93,"column":15}},"26":{"start":{"line":95,"column":4},"end":{"line":95,"column":69}},"27":{"start":{"line":103,"column":20},"end":{"line":103,"column":22}},"28":{"start":{"line":105,"column":2},"end":{"line":113,"column":3}},"29":{"start":{"line":106,"column":4},"end":{"line":112,"column":5}},"30":{"start":{"line":107,"column":6},"end":{"line":107,"column":43}},"31":{"start":{"line":108,"column":11},"end":{"line":112,"column":5}},"32":{"start":{"line":109,"column":6},"end":{"line":109,"column":29}},"33":{"start":{"line":111,"column":6},"end":{"line":111,"column":29}},"34":{"start":{"line":115,"column":2},"end":{"line":115,"column":19}},"35":{"start":{"line":122,"column":2},"end":{"line":122,"column":28}},"36":{"start":{"line":129,"column":2},"end":{"line":131,"column":3}},"37":{"start":{"line":130,"column":4},"end":{"line":130,"column":14}},"38":{"start":{"line":133,"column":14},"end":{"line":133,"column":43}},"39":{"start":{"line":134,"column":2},"end":{"line":134,"column":25}},"40":{"start":{"line":135,"column":2},"end":{"line":135,"column":23}},"41":{"start":{"line":142,"column":2},"end":{"line":144,"column":3}},"42":{"start":{"line":143,"column":4},"end":{"line":143,"column":14}},"43":{"start":{"line":147,"column":20},"end":{"line":147,"column":69}},"44":{"start":{"line":149,"column":2},"end":{"line":151,"column":3}},"45":{"start":{"line":150,"column":4},"end":{"line":150,"column":42}},"46":{"start":{"line":153,"column":2},"end":{"line":153,"column":19}},"47":{"start":{"line":160,"column":2},"end":{"line":162,"column":3}},"48":{"start":{"line":161,"column":4},"end":{"line":161,"column":17}},"49":{"start":{"line":164,"column":2},"end":{"line":178,"column":3}},"50":{"start":{"line":165,"column":19},"end":{"line":165,"column":53}},"51":{"start":{"line":168,"column":24},"end":{"line":173,"column":5}},"52":{"start":{"line":175,"column":4},"end":{"line":175,"column":80}},"53":{"start":{"line":175,"column":38},"end":{"line":175,"column":78}},"54":{"start":{"line":177,"column":4},"end":{"line":177,"column":17}}},"fnMap":{"0":{"name":"sanitizeText","decl":{"start":{"line":22,"column":16},"end":{"line":22,"column":28}},"loc":{"start":{"line":22,"column":36},"end":{"line":28,"column":1}},"line":22},"1":{"name":"sanitizeEmail","decl":{"start":{"line":33,"column":16},"end":{"line":33,"column":29}},"loc":{"start":{"line":33,"column":37},"end":{"line":43,"column":1}},"line":33},"2":{"name":"sanitizeAPIKey","decl":{"start":{"line":50,"column":16},"end":{"line":50,"column":30}},"loc":{"start":{"line":50,"column":36},"end":{"line":68,"column":1}},"line":50},"3":{"name":"sanitizeNumber","decl":{"start":{"line":73,"column":16},"end":{"line":73,"column":30}},"loc":{"start":{"line":73,"column":78},"end":{"line":85,"column":1}},"line":73},"4":{"name":"sanitizeTokenCount","decl":{"start":{"line":90,"column":16},"end":{"line":90,"column":34}},"loc":{"start":{"line":90,"column":42},"end":{"line":97,"column":1}},"line":90},"5":{"name":"sanitizeFormData","decl":{"start":{"line":102,"column":16},"end":{"line":102,"column":32}},"loc":{"start":{"line":102,"column":43},"end":{"line":116,"column":1}},"line":102},"6":{"name":"createSafeMessage","decl":{"start":{"line":121,"column":16},"end":{"line":121,"column":33}},"loc":{"start":{"line":121,"column":40},"end":{"line":123,"column":1}},"line":121},"7":{"name":"encodeHTML","decl":{"start":{"line":128,"column":16},"end":{"line":128,"column":26}},"loc":{"start":{"line":128,"column":33},"end":{"line":136,"column":1}},"line":128},"8":{"name":"sanitizeModelName","decl":{"start":{"line":141,"column":16},"end":{"line":141,"column":33}},"loc":{"start":{"line":141,"column":45},"end":{"line":154,"column":1}},"line":141},"9":{"name":"isSafeURL","decl":{"start":{"line":159,"column":16},"end":{"line":159,"column":25}},"loc":{"start":{"line":159,"column":31},"end":{"line":179,"column":1}},"line":159},"10":{"name":"(anonymous_10)","decl":{"start":{"line":175,"column":28},"end":{"line":175,"column":29}},"loc":{"start":{"line":175,"column":38},"end":{"line":175,"column":78}},"line":175}},"branchMap":{"0":{"loc":{"start":{"line":23,"column":2},"end":{"line":25,"column":3}},"type":"if","locations":[{"start":{"line":23,"column":2},"end":{"line":25,"column":3}},{"start":{},"end":{}}],"line":23},"1":{"loc":{"start":{"line":23,"column":6},"end":{"line":23,"column":41}},"type":"binary-expr","locations":[{"start":{"line":23,"column":6},"end":{"line":23,"column":12}},{"start":{"line":23,"column":16},"end":{"line":23,"column":41}}],"line":23},"2":{"loc":{"start":{"line":38,"column":2},"end":{"line":40,"column":3}},"type":"if","locations":[{"start":{"line":38,"column":2},"end":{"line":40,"column":3}},{"start":{},"end":{}}],"line":38},"3":{"loc":{"start":{"line":51,"column":2},"end":{"line":53,"column":3}},"type":"if","locations":[{"start":{"line":51,"column":2},"end":{"line":53,"column":3}},{"start":{},"end":{}}],"line":51},"4":{"loc":{"start":{"line":51,"column":6},"end":{"line":51,"column":37}},"type":"binary-expr","locations":[{"start":{"line":51,"column":6},"end":{"line":51,"column":10}},{"start":{"line":51,"column":14},"end":{"line":51,"column":37}}],"line":51},"5":{"loc":{"start":{"line":58,"column":2},"end":{"line":60,"column":3}},"type":"if","locations":[{"start":{"line":58,"column":2},"end":{"line":60,"column":3}},{"start":{},"end":{}}],"line":58},"6":{"loc":{"start":{"line":63,"column":2},"end":{"line":65,"column":3}},"type":"if","locations":[{"start":{"line":63,"column":2},"end":{"line":65,"column":3}},{"start":{},"end":{}}],"line":63},"7":{"loc":{"start":{"line":63,"column":6},"end":{"line":63,"column":53}},"type":"binary-expr","locations":[{"start":{"line":63,"column":6},"end":{"line":63,"column":27}},{"start":{"line":63,"column":31},"end":{"line":63,"column":53}}],"line":63},"8":{"loc":{"start":{"line":73,"column":38},"end":{"line":73,"column":45}},"type":"default-arg","locations":[{"start":{"line":73,"column":44},"end":{"line":73,"column":45}}],"line":73},"9":{"loc":{"start":{"line":73,"column":47},"end":{"line":73,"column":76}},"type":"default-arg","locations":[{"start":{"line":73,"column":53},"end":{"line":73,"column":76}}],"line":73},"10":{"loc":{"start":{"line":76,"column":2},"end":{"line":78,"column":3}},"type":"if","locations":[{"start":{"line":76,"column":2},"end":{"line":78,"column":3}},{"start":{},"end":{}}],"line":76},"11":{"loc":{"start":{"line":80,"column":2},"end":{"line":82,"column":3}},"type":"if","locations":[{"start":{"line":80,"column":2},"end":{"line":82,"column":3}},{"start":{},"end":{}}],"line":80},"12":{"loc":{"start":{"line":80,"column":6},"end":{"line":80,"column":28}},"type":"binary-expr","locations":[{"start":{"line":80,"column":6},"end":{"line":80,"column":15}},{"start":{"line":80,"column":19},"end":{"line":80,"column":28}}],"line":80},"13":{"loc":{"start":{"line":106,"column":4},"end":{"line":112,"column":5}},"type":"if","locations":[{"start":{"line":106,"column":4},"end":{"line":112,"column":5}},{"start":{"line":108,"column":11},"end":{"line":112,"column":5}}],"line":106},"14":{"loc":{"start":{"line":108,"column":11},"end":{"line":112,"column":5}},"type":"if","locations":[{"start":{"line":108,"column":11},"end":{"line":112,"column":5}},{"start":{"line":110,"column":11},"end":{"line":112,"column":5}}],"line":108},"15":{"loc":{"start":{"line":129,"column":2},"end":{"line":131,"column":3}},"type":"if","locations":[{"start":{"line":129,"column":2},"end":{"line":131,"column":3}},{"start":{},"end":{}}],"line":129},"16":{"loc":{"start":{"line":129,"column":6},"end":{"line":129,"column":39}},"type":"binary-expr","locations":[{"start":{"line":129,"column":6},"end":{"line":129,"column":11}},{"start":{"line":129,"column":15},"end":{"line":129,"column":39}}],"line":129},"17":{"loc":{"start":{"line":142,"column":2},"end":{"line":144,"column":3}},"type":"if","locations":[{"start":{"line":142,"column":2},"end":{"line":144,"column":3}},{"start":{},"end":{}}],"line":142},"18":{"loc":{"start":{"line":142,"column":6},"end":{"line":142,"column":49}},"type":"binary-expr","locations":[{"start":{"line":142,"column":6},"end":{"line":142,"column":16}},{"start":{"line":142,"column":20},"end":{"line":142,"column":49}}],"line":142},"19":{"loc":{"start":{"line":149,"column":2},"end":{"line":151,"column":3}},"type":"if","locations":[{"start":{"line":149,"column":2},"end":{"line":151,"column":3}},{"start":{},"end":{}}],"line":149},"20":{"loc":{"start":{"line":149,"column":6},"end":{"line":149,"column":54}},"type":"binary-expr","locations":[{"start":{"line":149,"column":6},"end":{"line":149,"column":28}},{"start":{"line":149,"column":32},"end":{"line":149,"column":54}}],"line":149},"21":{"loc":{"start":{"line":160,"column":2},"end":{"line":162,"column":3}},"type":"if","locations":[{"start":{"line":160,"column":2},"end":{"line":162,"column":3}},{"start":{},"end":{}}],"line":160},"22":{"loc":{"start":{"line":160,"column":6},"end":{"line":160,"column":37}},"type":"binary-expr","locations":[{"start":{"line":160,"column":6},"end":{"line":160,"column":10}},{"start":{"line":160,"column":14},"end":{"line":160,"column":37}}],"line":160}},"s":{"0":0,"1":0,"2":0,"3":0,"4":0,"5":0,"6":0,"7":0,"8":0,"9":0,"10":0,"11":0,"12":0,"13":0,"14":0,"15":0,"16":0,"17":0,"18":0,"19":0,"20":0,"21":0,"22":0,"23":0,"24":0,"25":0,"26":0,"27":0,"28":0,"29":0,"30":0,"31":0,"32":0,"33":0,"34":0,"35":0,"36":0,"37":0,"38":0,"39":0,"40":0,"41":0,"42":0,"43":0,"44":0,"45":0,"46":0,"47":0,"48":0,"49":0,"50":0,"51":0,"52":0,"53":0,"54":0},"f":{"0":0,"1":0,"2":0,"3":0,"4":0,"5":0,"6":0,"7":0,"8":0,"9":0,"10":0},"b":{"0":[0,0],"1":[0,0],"2":[0,0],"3":[0,0],"4":[0,0],"5":[0,0],"6":[0,0],"7":[0,0],"8":[0],"9":[0],"10":[0,0],"11":[0,0],"12":[0,0],"13":[0,0],"14":[0,0],"15":[0,0],"16":[0,0],"17":[0,0],"18":[0,0],"19":[0,0],"20":[0,0],"21":[0,0],"22":[0,0]},"inputSourceMap":null}
,"/Users/bkerwood/projects/aiburn-cost-calculator/aiburn-website/src/utils/sentry.js": {"path":"/Users/bkerwood/projects/aiburn-cost-calculator/aiburn-website/src/utils/sentry.js","statementMap":{"0":{"start":{"line":16,"column":2},"end":{"line":19,"column":3}},"1":{"start":{"line":17,"column":4},"end":{"line":17,"column":76}},"2":{"start":{"line":18,"column":4},"end":{"line":18,"column":11}},"3":{"start":{"line":21,"column":2},"end":{"line":97,"column":5}},"4":{"start":{"line":46,"column":26},"end":{"line":46,"column":47}},"5":{"start":{"line":47,"column":6},"end":{"line":49,"column":7}},"6":{"start":{"line":48,"column":8},"end":{"line":48,"column":20}},"7":{"start":{"line":52,"column":6},"end":{"line":52,"column":33}},"8":{"start":{"line":54,"column":6},"end":{"line":54,"column":19}},"9":{"start":{"line":100,"column":2},"end":{"line":106,"column":4}},"10":{"start":{"line":101,"column":4},"end":{"line":105,"column":7}},"11":{"start":{"line":109,"column":2},"end":{"line":115,"column":3}},"12":{"start":{"line":110,"column":4},"end":{"line":114,"column":7}},"13":{"start":{"line":117,"column":2},"end":{"line":117,"column":57}},"14":{"start":{"line":124,"column":28},"end":{"line":141,"column":3}},"15":{"start":{"line":143,"column":22},"end":{"line":143,"column":43}},"16":{"start":{"line":144,"column":17},"end":{"line":144,"column":28}},"17":{"start":{"line":146,"column":2},"end":{"line":148,"column":3}},"18":{"start":{"line":147,"column":4},"end":{"line":147,"column":54}},"19":{"start":{"line":151,"column":2},"end":{"line":158,"column":3}},"20":{"start":{"line":152,"column":4},"end":{"line":157,"column":5}},"21":{"start":{"line":153,"column":21},"end":{"line":153,"column":41}},"22":{"start":{"line":154,"column":6},"end":{"line":154,"column":35}},"23":{"start":{"line":156,"column":6},"end":{"line":156,"column":70}},"24":{"start":{"line":165,"column":2},"end":{"line":169,"column":3}},"25":{"start":{"line":166,"column":4},"end":{"line":166,"column":45}},"26":{"start":{"line":168,"column":4},"end":{"line":168,"column":64}},"27":{"start":{"line":176,"column":2},"end":{"line":184,"column":3}},"28":{"start":{"line":177,"column":4},"end":{"line":181,"column":7}},"29":{"start":{"line":183,"column":4},"end":{"line":183,"column":25}},"30":{"start":{"line":191,"column":2},"end":{"line":196,"column":5}},"31":{"start":{"line":203,"column":2},"end":{"line":206,"column":5}},"32":{"start":{"line":213,"column":2},"end":{"line":213,"column":40}}},"fnMap":{"0":{"name":"initSentry","decl":{"start":{"line":14,"column":16},"end":{"line":14,"column":26}},"loc":{"start":{"line":14,"column":29},"end":{"line":118,"column":1}},"line":14},"1":{"name":"(anonymous_1)","decl":{"start":{"line":44,"column":4},"end":{"line":44,"column":5}},"loc":{"start":{"line":44,"column":28},"end":{"line":55,"column":5}},"line":44},"2":{"name":"(anonymous_2)","decl":{"start":{"line":100,"column":29},"end":{"line":100,"column":30}},"loc":{"start":{"line":100,"column":59},"end":{"line":106,"column":3}},"line":100},"3":{"name":"redactSensitiveData","decl":{"start":{"line":123,"column":9},"end":{"line":123,"column":28}},"loc":{"start":{"line":123,"column":36},"end":{"line":159,"column":1}},"line":123},"4":{"name":"reportError","decl":{"start":{"line":164,"column":16},"end":{"line":164,"column":27}},"loc":{"start":{"line":164,"column":49},"end":{"line":170,"column":1}},"line":164},"5":{"name":"setSentryUser","decl":{"start":{"line":175,"column":16},"end":{"line":175,"column":29}},"loc":{"start":{"line":175,"column":36},"end":{"line":185,"column":1}},"line":175},"6":{"name":"addBreadcrumb","decl":{"start":{"line":190,"column":16},"end":{"line":190,"column":29}},"loc":{"start":{"line":190,"column":81},"end":{"line":197,"column":1}},"line":190},"7":{"name":"startTransaction","decl":{"start":{"line":202,"column":16},"end":{"line":202,"column":32}},"loc":{"start":{"line":202,"column":60},"end":{"line":207,"column":1}},"line":202},"8":{"name":"captureMessage","decl":{"start":{"line":212,"column":16},"end":{"line":212,"column":30}},"loc":{"start":{"line":212,"column":56},"end":{"line":214,"column":1}},"line":212}},"branchMap":{"0":{"loc":{"start":{"line":16,"column":2},"end":{"line":19,"column":3}},"type":"if","locations":[{"start":{"line":16,"column":2},"end":{"line":19,"column":3}},{"start":{},"end":{}}],"line":16},"1":{"loc":{"start":{"line":16,"column":6},"end":{"line":16,"column":75}},"type":"binary-expr","locations":[{"start":{"line":16,"column":6},"end":{"line":16,"column":43}},{"start":{"line":16,"column":47},"end":{"line":16,"column":75}}],"line":16},"2":{"loc":{"start":{"line":38,"column":13},"end":{"line":38,"column":54}},"type":"binary-expr","locations":[{"start":{"line":38,"column":13},"end":{"line":38,"column":41}},{"start":{"line":38,"column":45},"end":{"line":38,"column":54}}],"line":38},"3":{"loc":{"start":{"line":47,"column":6},"end":{"line":49,"column":7}},"type":"if","locations":[{"start":{"line":47,"column":6},"end":{"line":49,"column":7}},{"start":{},"end":{}}],"line":47},"4":{"loc":{"start":{"line":47,"column":10},"end":{"line":47,"column":84}},"type":"binary-expr","locations":[{"start":{"line":47,"column":10},"end":{"line":47,"column":48}},{"start":{"line":47,"column":52},"end":{"line":47,"column":84}}],"line":47},"5":{"loc":{"start":{"line":100,"column":45},"end":{"line":100,"column":57}},"type":"default-arg","locations":[{"start":{"line":100,"column":55},"end":{"line":100,"column":57}}],"line":100},"6":{"loc":{"start":{"line":109,"column":2},"end":{"line":115,"column":3}},"type":"if","locations":[{"start":{"line":109,"column":2},"end":{"line":115,"column":3}},{"start":{},"end":{}}],"line":109},"7":{"loc":{"start":{"line":151,"column":2},"end":{"line":158,"column":3}},"type":"if","locations":[{"start":{"line":151,"column":2},"end":{"line":158,"column":3}},{"start":{},"end":{}}],"line":151},"8":{"loc":{"start":{"line":164,"column":35},"end":{"line":164,"column":47}},"type":"default-arg","locations":[{"start":{"line":164,"column":45},"end":{"line":164,"column":47}}],"line":164},"9":{"loc":{"start":{"line":165,"column":2},"end":{"line":169,"column":3}},"type":"if","locations":[{"start":{"line":165,"column":2},"end":{"line":169,"column":3}},{"start":{"line":167,"column":9},"end":{"line":169,"column":3}}],"line":165},"10":{"loc":{"start":{"line":176,"column":2},"end":{"line":184,"column":3}},"type":"if","locations":[{"start":{"line":176,"column":2},"end":{"line":184,"column":3}},{"start":{"line":182,"column":9},"end":{"line":184,"column":3}}],"line":176},"11":{"loc":{"start":{"line":178,"column":10},"end":{"line":178,"column":30}},"type":"binary-expr","locations":[{"start":{"line":178,"column":10},"end":{"line":178,"column":17}},{"start":{"line":178,"column":21},"end":{"line":178,"column":30}}],"line":178},"12":{"loc":{"start":{"line":190,"column":39},"end":{"line":190,"column":63}},"type":"default-arg","locations":[{"start":{"line":190,"column":50},"end":{"line":190,"column":63}}],"line":190},"13":{"loc":{"start":{"line":190,"column":65},"end":{"line":190,"column":79}},"type":"default-arg","locations":[{"start":{"line":190,"column":73},"end":{"line":190,"column":79}}],"line":190},"14":{"loc":{"start":{"line":202,"column":39},"end":{"line":202,"column":58}},"type":"default-arg","locations":[{"start":{"line":202,"column":44},"end":{"line":202,"column":58}}],"line":202},"15":{"loc":{"start":{"line":212,"column":40},"end":{"line":212,"column":54}},"type":"default-arg","locations":[{"start":{"line":212,"column":48},"end":{"line":212,"column":54}}],"line":212}},"s":{"0":0,"1":0,"2":0,"3":0,"4":0,"5":0,"6":0,"7":0,"8":0,"9":0,"10":0,"11":0,"12":0,"13":0,"14":0,"15":0,"16":0,"17":0,"18":0,"19":0,"20":0,"21":0,"22":0,"23":0,"24":0,"25":0,"26":0,"27":0,"28":0,"29":0,"30":0,"31":0,"32":0},"f":{"0":0,"1":0,"2":0,"3":0,"4":0,"5":0,"6":0,"7":0,"8":0},"b":{"0":[0,0],"1":[0,0],"2":[0,0],"3":[0,0],"4":[0,0],"5":[0],"6":[0,0],"7":[0,0],"8":[0],"9":[0,0],"10":[0,0],"11":[0,0],"12":[0],"13":[0],"14":[0],"15":[0]},"inputSourceMap":null}
}
