TN:
SF:src/hooks/usePrices.js
FN:7,usePrices
FN:15,(anonymous_1)
FN:23,(anonymous_2)
FN:56,(anonymous_3)
FN:66,(anonymous_4)
FN:75,(anonymous_5)
FN:79,(anonymous_6)
FN:91,(anonymous_7)
FN:107,(anonymous_8)
FNF:9
FNH:0
FNDA:0,usePrices
FNDA:0,(anonymous_1)
FNDA:0,(anonymous_2)
FNDA:0,(anonymous_3)
FNDA:0,(anonymous_4)
FNDA:0,(anonymous_5)
FNDA:0,(anonymous_6)
FNDA:0,(anonymous_7)
FNDA:0,(anonymous_8)
DA:8,0
DA:9,0
DA:10,0
DA:11,0
DA:12,0
DA:15,0
DA:16,0
DA:17,0
DA:18,0
DA:19,0
DA:23,0
DA:24,0
DA:25,0
DA:27,0
DA:28,0
DA:30,0
DA:31,0
DA:34,0
DA:37,0
DA:38,0
DA:41,0
DA:42,0
DA:43,0
DA:45,0
DA:47,0
DA:48,0
DA:49,0
DA:51,0
DA:56,0
DA:57,0
DA:58,0
DA:66,0
DA:67,0
DA:68,0
DA:69,0
DA:70,0
DA:71,0
DA:75,0
DA:76,0
DA:78,0
DA:79,0
DA:80,0
DA:87,0
DA:91,0
DA:92,0
DA:103,0
DA:107,0
DA:108,0
DA:111,0
LF:49
LH:0
BRDA:30,0,0,0
BRDA:30,0,1,0
BRDA:37,1,0,0
BRDA:37,1,1,0
BRDA:37,2,0,0
BRDA:37,2,1,0
BRDA:57,3,0,0
BRDA:57,3,1,0
BRDA:67,4,0,0
BRDA:67,4,1,0
BRDA:76,5,0,0
BRDA:76,5,1,0
BRDA:76,6,0,0
BRDA:76,6,1,0
BRDA:103,7,0,0
BRDA:103,7,1,0
BRF:16
BRH:0
end_of_record
TN:
SF:src/utils/analytics.js
FN:8,initializeGA
FN:17,gtag
FNF:2
FNH:0
FNDA:0,initializeGA
FNDA:0,gtag
DA:10,0
DA:11,0
DA:12,0
DA:13,0
DA:16,0
DA:18,0
DA:20,0
DA:21,0
DA:22,0
LF:9
LH:0
BRDA:16,0,0,0
BRDA:16,0,1,0
BRF:2
BRH:0
end_of_record
TN:
SF:src/utils/sanitizer.js
FN:10,(anonymous_0)
FN:27,(anonymous_1)
FN:43,(anonymous_2)
FN:58,(anonymous_3)
FN:74,(anonymous_4)
FN:85,(anonymous_5)
FNF:6
FNH:0
FNDA:0,(anonymous_0)
FNDA:0,(anonymous_1)
FNDA:0,(anonymous_2)
FNDA:0,(anonymous_3)
FNDA:0,(anonymous_4)
FNDA:0,(anonymous_5)
DA:10,0
DA:11,0
DA:14,0
DA:15,0
DA:19,0
DA:27,0
DA:28,0
DA:29,0
DA:32,0
DA:43,0
DA:44,0
DA:58,0
DA:59,0
DA:60,0
DA:62,0
DA:63,0
DA:66,0
DA:74,0
DA:75,0
DA:85,0
DA:86,0
DA:87,0
DA:89,0
DA:90,0
LF:24
LH:0
BRDA:14,0,0,0
BRDA:14,0,1,0
BRDA:28,1,0,0
BRDA:28,1,1,0
BRDA:45,2,0,0
BRDA:45,2,1,0
BRDA:46,3,0,0
BRDA:46,3,1,0
BRDA:47,4,0,0
BRDA:47,4,1,0
BRDA:48,5,0,0
BRDA:48,5,1,0
BRDA:49,6,0,0
BRDA:49,6,1,0
BRDA:62,7,0,0
BRDA:62,7,1,0
BRDA:86,8,0,0
BRDA:86,8,1,0
BRDA:86,9,0,0
BRDA:86,9,1,0
BRF:20
BRH:0
end_of_record
TN:
SF:src/utils/sentry.js
FN:14,initSentry
FN:44,(anonymous_1)
FN:100,(anonymous_2)
FN:123,redactSensitiveData
FN:164,reportError
FN:175,setSentryUser
FN:190,addBreadcrumb
FN:204,startTransaction
FN:226,captureMessage
FNF:9
FNH:0
FNDA:0,initSentry
FNDA:0,(anonymous_1)
FNDA:0,(anonymous_2)
FNDA:0,redactSensitiveData
FNDA:0,reportError
FNDA:0,setSentryUser
FNDA:0,addBreadcrumb
FNDA:0,startTransaction
FNDA:0,captureMessage
DA:16,0
DA:17,0
DA:18,0
DA:21,0
DA:46,0
DA:47,0
DA:48,0
DA:52,0
DA:54,0
DA:100,0
DA:101,0
DA:109,0
DA:110,0
DA:117,0
DA:124,0
DA:143,0
DA:144,0
DA:146,0
DA:147,0
DA:151,0
DA:152,0
DA:153,0
DA:154,0
DA:156,0
DA:165,0
DA:166,0
DA:168,0
DA:176,0
DA:177,0
DA:183,0
DA:191,0
DA:206,0
DA:207,0
DA:213,0
DA:214,0
DA:219,0
DA:220,0
DA:227,0
LF:38
LH:0
BRDA:16,0,0,0
BRDA:16,0,1,0
BRDA:16,1,0,0
BRDA:16,1,1,0
BRDA:38,2,0,0
BRDA:38,2,1,0
BRDA:47,3,0,0
BRDA:47,3,1,0
BRDA:47,4,0,0
BRDA:47,4,1,0
BRDA:100,5,0,0
BRDA:109,6,0,0
BRDA:109,6,1,0
BRDA:151,7,0,0
BRDA:151,7,1,0
BRDA:164,8,0,0
BRDA:165,9,0,0
BRDA:165,9,1,0
BRDA:176,10,0,0
BRDA:176,10,1,0
BRDA:178,11,0,0
BRDA:178,11,1,0
BRDA:190,12,0,0
BRDA:190,13,0,0
BRDA:204,14,0,0
BRDA:206,15,0,0
BRDA:206,15,1,0
BRDA:213,16,0,0
BRDA:213,16,1,0
BRDA:226,17,0,0
BRF:30
BRH:0
end_of_record
