TN:
SF:src/hooks/usePrices.js
FN:7,usePrices
FN:15,(anonymous_1)
FN:23,(anonymous_2)
FN:56,(anonymous_3)
FN:66,(anonymous_4)
FN:75,(anonymous_5)
FN:79,(anonymous_6)
FN:91,(anonymous_7)
FN:107,(anonymous_8)
FNF:9
FNH:0
FNDA:0,usePrices
FNDA:0,(anonymous_1)
FNDA:0,(anonymous_2)
FNDA:0,(anonymous_3)
FNDA:0,(anonymous_4)
FNDA:0,(anonymous_5)
FNDA:0,(anonymous_6)
FNDA:0,(anonymous_7)
FNDA:0,(anonymous_8)
DA:8,0
DA:9,0
DA:10,0
DA:11,0
DA:12,0
DA:15,0
DA:16,0
DA:17,0
DA:18,0
DA:19,0
DA:23,0
DA:24,0
DA:25,0
DA:27,0
DA:28,0
DA:30,0
DA:31,0
DA:34,0
DA:37,0
DA:38,0
DA:41,0
DA:42,0
DA:43,0
DA:45,0
DA:47,0
DA:48,0
DA:49,0
DA:51,0
DA:56,0
DA:57,0
DA:58,0
DA:66,0
DA:67,0
DA:68,0
DA:69,0
DA:70,0
DA:71,0
DA:75,0
DA:76,0
DA:78,0
DA:79,0
DA:80,0
DA:87,0
DA:91,0
DA:92,0
DA:103,0
DA:107,0
DA:108,0
DA:111,0
LF:49
LH:0
BRDA:30,0,0,0
BRDA:30,0,1,0
BRDA:37,1,0,0
BRDA:37,1,1,0
BRDA:37,2,0,0
BRDA:37,2,1,0
BRDA:57,3,0,0
BRDA:57,3,1,0
BRDA:67,4,0,0
BRDA:67,4,1,0
BRDA:76,5,0,0
BRDA:76,5,1,0
BRDA:76,6,0,0
BRDA:76,6,1,0
BRDA:103,7,0,0
BRDA:103,7,1,0
BRF:16
BRH:0
end_of_record
TN:
SF:src/utils/sanitizer.js
FN:22,sanitizeText
FN:33,sanitizeEmail
FN:50,sanitizeAPIKey
FN:73,sanitizeNumber
FN:90,sanitizeTokenCount
FN:102,sanitizeFormData
FN:121,createSafeMessage
FN:128,encodeHTML
FN:141,sanitizeModelName
FN:159,isSafeURL
FN:175,(anonymous_10)
FNF:11
FNH:0
FNDA:0,sanitizeText
FNDA:0,sanitizeEmail
FNDA:0,sanitizeAPIKey
FNDA:0,sanitizeNumber
FNDA:0,sanitizeTokenCount
FNDA:0,sanitizeFormData
FNDA:0,createSafeMessage
FNDA:0,encodeHTML
FNDA:0,sanitizeModelName
FNDA:0,isSafeURL
FNDA:0,(anonymous_10)
DA:11,0
DA:23,0
DA:24,0
DA:27,0
DA:34,0
DA:37,0
DA:38,0
DA:39,0
DA:42,0
DA:51,0
DA:52,0
DA:55,0
DA:58,0
DA:59,0
DA:63,0
DA:64,0
DA:67,0
DA:74,0
DA:76,0
DA:77,0
DA:80,0
DA:81,0
DA:84,0
DA:91,0
DA:92,0
DA:93,0
DA:95,0
DA:103,0
DA:105,0
DA:106,0
DA:107,0
DA:108,0
DA:109,0
DA:111,0
DA:115,0
DA:122,0
DA:129,0
DA:130,0
DA:133,0
DA:134,0
DA:135,0
DA:142,0
DA:143,0
DA:147,0
DA:149,0
DA:150,0
DA:153,0
DA:160,0
DA:161,0
DA:164,0
DA:165,0
DA:168,0
DA:175,0
DA:177,0
LF:54
LH:0
BRDA:23,0,0,0
BRDA:23,0,1,0
BRDA:23,1,0,0
BRDA:23,1,1,0
BRDA:38,2,0,0
BRDA:38,2,1,0
BRDA:51,3,0,0
BRDA:51,3,1,0
BRDA:51,4,0,0
BRDA:51,4,1,0
BRDA:58,5,0,0
BRDA:58,5,1,0
BRDA:63,6,0,0
BRDA:63,6,1,0
BRDA:63,7,0,0
BRDA:63,7,1,0
BRDA:73,8,0,0
BRDA:73,9,0,0
BRDA:76,10,0,0
BRDA:76,10,1,0
BRDA:80,11,0,0
BRDA:80,11,1,0
BRDA:80,12,0,0
BRDA:80,12,1,0
BRDA:106,13,0,0
BRDA:106,13,1,0
BRDA:108,14,0,0
BRDA:108,14,1,0
BRDA:129,15,0,0
BRDA:129,15,1,0
BRDA:129,16,0,0
BRDA:129,16,1,0
BRDA:142,17,0,0
BRDA:142,17,1,0
BRDA:142,18,0,0
BRDA:142,18,1,0
BRDA:149,19,0,0
BRDA:149,19,1,0
BRDA:149,20,0,0
BRDA:149,20,1,0
BRDA:160,21,0,0
BRDA:160,21,1,0
BRDA:160,22,0,0
BRDA:160,22,1,0
BRF:44
BRH:0
end_of_record
TN:
SF:src/utils/sentry.js
FN:14,initSentry
FN:44,(anonymous_1)
FN:100,(anonymous_2)
FN:123,redactSensitiveData
FN:164,reportError
FN:175,setSentryUser
FN:190,addBreadcrumb
FN:202,startTransaction
FN:212,captureMessage
FNF:9
FNH:0
FNDA:0,initSentry
FNDA:0,(anonymous_1)
FNDA:0,(anonymous_2)
FNDA:0,redactSensitiveData
FNDA:0,reportError
FNDA:0,setSentryUser
FNDA:0,addBreadcrumb
FNDA:0,startTransaction
FNDA:0,captureMessage
DA:16,0
DA:17,0
DA:18,0
DA:21,0
DA:46,0
DA:47,0
DA:48,0
DA:52,0
DA:54,0
DA:100,0
DA:101,0
DA:109,0
DA:110,0
DA:117,0
DA:124,0
DA:143,0
DA:144,0
DA:146,0
DA:147,0
DA:151,0
DA:152,0
DA:153,0
DA:154,0
DA:156,0
DA:165,0
DA:166,0
DA:168,0
DA:176,0
DA:177,0
DA:183,0
DA:191,0
DA:203,0
DA:213,0
LF:33
LH:0
BRDA:16,0,0,0
BRDA:16,0,1,0
BRDA:16,1,0,0
BRDA:16,1,1,0
BRDA:38,2,0,0
BRDA:38,2,1,0
BRDA:47,3,0,0
BRDA:47,3,1,0
BRDA:47,4,0,0
BRDA:47,4,1,0
BRDA:100,5,0,0
BRDA:109,6,0,0
BRDA:109,6,1,0
BRDA:151,7,0,0
BRDA:151,7,1,0
BRDA:164,8,0,0
BRDA:165,9,0,0
BRDA:165,9,1,0
BRDA:176,10,0,0
BRDA:176,10,1,0
BRDA:178,11,0,0
BRDA:178,11,1,0
BRDA:190,12,0,0
BRDA:190,13,0,0
BRDA:202,14,0,0
BRDA:212,15,0,0
BRF:26
BRH:0
end_of_record
