<?xml version="1.0" encoding="UTF-8"?>
<testsuites name="AIBurn Calculator Tests" tests="44" failures="0" errors="0" time="6.024">
  <testsuite name="Input Validation" errors="0" failures="0" skipped="0" timestamp="2025-11-29T05:41:46" time="3.28" tests="44">
    <testcase classname="Input Validation › Token Input Validation" name="should accept valid token counts" time="0.014">
    </testcase>
    <testcase classname="Input Validation › Token Input Validation" name="should reject negative tokens" time="0.048">
    </testcase>
    <testcase classname="Input Validation › Token Input Validation" name="should reject non-numeric input" time="0.003">
    </testcase>
    <testcase classname="Input Validation › Token Input Validation" name="should reject special characters" time="0.001">
    </testcase>
    <testcase classname="Input Validation › Token Input Validation" name="should handle very large numbers" time="0.001">
    </testcase>
    <testcase classname="Input Validation › Token Input Validation" name="should reject numbers exceeding limit" time="0.003">
    </testcase>
    <testcase classname="Input Validation › Token Input Validation" name="should handle scientific notation" time="0.001">
    </testcase>
    <testcase classname="Input Validation › Token Input Validation" name="should handle string numbers" time="0.001">
    </testcase>
    <testcase classname="Input Validation › Token Input Validation" name="should handle empty string" time="0.003">
    </testcase>
    <testcase classname="Input Validation › Token Input Validation" name="should handle null/undefined" time="0.219">
    </testcase>
    <testcase classname="Input Validation › Token Input Validation" name="should handle float tokens" time="0.399">
    </testcase>
    <testcase classname="Input Validation › Token Input Validation" name="should handle infinity" time="0.005">
    </testcase>
    <testcase classname="Input Validation › API Key Validation" name="should accept valid API keys" time="0.001">
    </testcase>
    <testcase classname="Input Validation › API Key Validation" name="should reject empty API key" time="0.001">
    </testcase>
    <testcase classname="Input Validation › API Key Validation" name="should reject null/undefined" time="0.001">
    </testcase>
    <testcase classname="Input Validation › API Key Validation" name="should reject short API keys" time="0.001">
    </testcase>
    <testcase classname="Input Validation › API Key Validation" name="should reject extremely long API keys" time="0.001">
    </testcase>
    <testcase classname="Input Validation › API Key Validation" name="should trim whitespace" time="0.001">
    </testcase>
    <testcase classname="Input Validation › API Key Validation" name="should allow various key formats" time="0">
    </testcase>
    <testcase classname="Input Validation › Model Selection Validation" name="should accept valid model" time="0">
    </testcase>
    <testcase classname="Input Validation › Model Selection Validation" name="should reject invalid model" time="0.002">
    </testcase>
    <testcase classname="Input Validation › Model Selection Validation" name="should reject empty model" time="0.002">
    </testcase>
    <testcase classname="Input Validation › Model Selection Validation" name="should reject null/undefined" time="0.001">
    </testcase>
    <testcase classname="Input Validation › Model Selection Validation" name="should be case-sensitive" time="0">
    </testcase>
    <testcase classname="Input Validation › Slider Input Validation" name="should accept values in range" time="0">
    </testcase>
    <testcase classname="Input Validation › Slider Input Validation" name="should reject values below minimum" time="0.001">
    </testcase>
    <testcase classname="Input Validation › Slider Input Validation" name="should reject values above maximum" time="0.001">
    </testcase>
    <testcase classname="Input Validation › Slider Input Validation" name="should handle decimal values" time="0">
    </testcase>
    <testcase classname="Input Validation › Slider Input Validation" name="should reject non-numeric values" time="0">
    </testcase>
    <testcase classname="Input Validation › Slider Input Validation" name="should handle custom ranges" time="0.013">
    </testcase>
    <testcase classname="Error Handling › Calculation Error Handling" name="should return error object on invalid input" time="0.002">
    </testcase>
    <testcase classname="Error Handling › Calculation Error Handling" name="should return error object on invalid model" time="0.001">
    </testcase>
    <testcase classname="Error Handling › Calculation Error Handling" name="should return calculated value on success" time="0.003">
    </testcase>
    <testcase classname="Error Handling › Calculation Error Handling" name="should handle missing model pricing" time="0.001">
    </testcase>
    <testcase classname="Error Handling › Error Message Formatting" name="should format string errors" time="0">
    </testcase>
    <testcase classname="Error Handling › Error Message Formatting" name="should format Error objects" time="0">
    </testcase>
    <testcase classname="Error Handling › Error Message Formatting" name="should handle unexpected error types" time="0">
    </testcase>
    <testcase classname="Error Handling › Error Message Formatting" name="should preserve special characters in messages" time="0">
    </testcase>
    <testcase classname="Data Sanitization" name="should remove HTML tags" time="0.001">
    </testcase>
    <testcase classname="Data Sanitization" name="should remove script tags" time="0.003">
    </testcase>
    <testcase classname="Data Sanitization" name="should remove null bytes" time="0.001">
    </testcase>
    <testcase classname="Data Sanitization" name="should trim whitespace" time="0.002">
    </testcase>
    <testcase classname="Data Sanitization" name="should handle non-string input" time="0.001">
    </testcase>
    <testcase classname="Data Sanitization" name="should preserve legitimate content" time="0.001">
    </testcase>
  </testsuite>
</testsuites>